2025-08-18 00:37:44,918 - INFO - Starting DualCast Buy Phase Commentary System...
2025-08-18 00:37:44,918 - INFO - Buy phase started - monitoring for events...
2025-08-18 00:37:44,918 - INFO - Found 5 new events
2025-08-18 00:37:44,918 - INFO - Commentary: [Hype] TenZ trusting the squad — big Vandal ask right here!
2025-08-18 00:37:47,416 - INFO - HTTP Request: POST https://api.elevenlabs.io/v1/text-to-speech/Xb7hH8MSUJpSbSDYk0k2 "HTTP/1.1 200 OK"
2025-08-18 00:37:55,360 - INFO - Buy phase completed
2025-08-18 00:37:55,362 - INFO - Phase reset - ready for next buy phase
2025-08-18 00:37:56,366 - INFO - Buy phase started - monitoring for events...
2025-08-18 00:38:06,445 - INFO - Buy phase completed
2025-08-18 00:38:06,446 - INFO - Phase reset - ready for next buy phase
2025-08-18 00:38:07,451 - INFO - Buy phase started - monitoring for events...
2025-08-18 00:38:17,538 - INFO - Buy phase completed
2025-08-18 00:38:17,539 - INFO - Phase reset - ready for next buy phase
2025-08-18 00:38:18,543 - INFO - Buy phase started - monitoring for events...
2025-08-18 00:38:28,633 - INFO - Buy phase completed
2025-08-18 00:38:28,634 - INFO - Phase reset - ready for next buy phase
2025-08-18 00:38:29,638 - INFO - Buy phase started - monitoring for events...
2025-08-18 00:38:39,734 - INFO - Buy phase completed
2025-08-18 00:38:39,736 - INFO - Phase reset - ready for next buy phase
2025-08-18 00:38:40,742 - INFO - Buy phase started - monitoring for events...
2025-08-18 00:38:50,814 - INFO - Buy phase completed
2025-08-18 00:38:50,815 - INFO - Phase reset - ready for next buy phase
2025-08-18 00:38:51,821 - INFO - Buy phase started - monitoring for events...
2025-08-18 00:39:01,906 - INFO - Buy phase completed
2025-08-18 00:39:01,907 - INFO - Phase reset - ready for next buy phase
2025-08-18 00:39:02,912 - INFO - Buy phase started - monitoring for events...
2025-08-18 00:39:05,506 - INFO - System stopped by user
2025-08-18 15:31:00,711 - INFO - Starting DualCast Buy Phase Commentary System...
2025-08-18 15:31:00,712 - INFO - Buy phase started - monitoring for events...
2025-08-18 15:31:00,713 - INFO - Found 5 new events
2025-08-18 15:31:00,713 - INFO - Commentary: [Hype] Request incoming! TenZ wants that Vandal — team chemistry time!
2025-08-18 15:31:01,571 - INFO - HTTP Request: POST https://api.elevenlabs.io/v1/text-to-speech/Xb7hH8MSUJpSbSDYk0k2 "HTTP/1.1 401 Unauthorized"
2025-08-18 15:31:01,573 - ERROR - Failed to generate or play audio: headers: {'date': 'Mon, 18 Aug 2025 10:01:01 GMT', 'server': 'uvicorn', 'content-length': '476', 'content-type': 'application/json', 'access-control-allow-origin': '*', 'access-control-allow-headers': '*', 'access-control-allow-methods': 'POST, PATCH, OPTIONS, DELETE, GET, PUT', 'access-control-max-age': '600', 'strict-transport-security': 'max-age=31536000; includeSubDomains', 'x-trace-id': '1c3c82609340336d9383a7207fd3df41', 'x-region': 'us-central1', 'via': '1.1 google, 1.1 google', 'alt-svc': 'h3=":443"; ma=2592000,h3-29=":443"; ma=2592000'}, status_code: 401, body: {'detail': {'status': 'detected_unusual_activity', 'message': 'Unusual activity detected. Free Tier usage disabled. If you are using a proxy/VPN you might need to purchase a Paid Plan to not trigger our abuse detectors. Free Tier only works if users do not abuse it, for example by creating multiple free accounts. If we notice that many people try to abuse it, we will need to reconsider Free Tier altogether. \nPlease play fair and purchase any Paid Subscription to continue.'}}
2025-08-18 15:31:11,151 - INFO - Buy phase completed
2025-08-18 15:31:11,152 - INFO - Phase reset - ready for next buy phase
2025-08-18 15:31:12,157 - INFO - Buy phase started - monitoring for events...
2025-08-18 15:31:22,234 - INFO - Buy phase completed
2025-08-18 15:31:22,235 - INFO - Phase reset - ready for next buy phase
2025-08-18 15:31:23,237 - INFO - Buy phase started - monitoring for events...
2025-08-18 15:31:33,312 - INFO - Buy phase completed
2025-08-18 15:31:33,313 - INFO - Phase reset - ready for next buy phase
2025-08-18 15:31:34,314 - INFO - Buy phase started - monitoring for events...
2025-08-18 15:31:44,400 - INFO - Buy phase completed
2025-08-18 15:31:44,400 - INFO - Phase reset - ready for next buy phase
2025-08-18 15:31:45,402 - INFO - Buy phase started - monitoring for events...
2025-08-18 15:31:55,485 - INFO - Buy phase completed
2025-08-18 15:31:55,487 - INFO - Phase reset - ready for next buy phase
2025-08-18 15:31:56,492 - INFO - Buy phase started - monitoring for events...
2025-08-18 15:32:06,576 - INFO - Buy phase completed
2025-08-18 15:32:06,577 - INFO - Phase reset - ready for next buy phase
2025-08-18 15:32:07,582 - INFO - Buy phase started - monitoring for events...
2025-08-18 15:32:17,666 - INFO - Buy phase completed
2025-08-18 15:32:17,666 - INFO - Phase reset - ready for next buy phase
2025-08-18 15:32:18,672 - INFO - Buy phase started - monitoring for events...
2025-08-18 15:32:28,748 - INFO - Buy phase completed
2025-08-18 15:32:28,749 - INFO - Phase reset - ready for next buy phase
2025-08-18 15:32:29,754 - INFO - Buy phase started - monitoring for events...
2025-08-18 15:32:39,828 - INFO - Buy phase completed
2025-08-18 15:32:39,829 - INFO - Phase reset - ready for next buy phase
2025-08-18 15:32:40,834 - INFO - Buy phase started - monitoring for events...
2025-08-18 15:32:50,920 - INFO - Buy phase completed
2025-08-18 15:32:50,921 - INFO - Phase reset - ready for next buy phase
2025-08-18 15:32:51,926 - INFO - Buy phase started - monitoring for events...
2025-08-18 15:33:02,010 - INFO - Buy phase completed
2025-08-18 15:33:02,011 - INFO - Phase reset - ready for next buy phase
2025-08-18 15:33:03,016 - INFO - Buy phase started - monitoring for events...
2025-08-18 15:33:13,103 - INFO - Buy phase completed
2025-08-18 15:33:13,103 - INFO - Phase reset - ready for next buy phase
2025-08-18 15:33:14,104 - INFO - Buy phase started - monitoring for events...
2025-08-18 15:33:24,184 - INFO - Buy phase completed
2025-08-18 15:33:24,186 - INFO - Phase reset - ready for next buy phase
2025-08-18 15:33:25,192 - INFO - Buy phase started - monitoring for events...
2025-08-18 15:33:35,272 - INFO - Buy phase completed
2025-08-18 15:33:35,274 - INFO - Phase reset - ready for next buy phase
2025-08-18 15:33:36,277 - INFO - Buy phase started - monitoring for events...
2025-08-18 15:33:46,348 - INFO - Buy phase completed
2025-08-18 15:33:46,349 - INFO - Phase reset - ready for next buy phase
2025-08-18 15:33:47,350 - INFO - Buy phase started - monitoring for events...
2025-08-18 15:33:57,441 - INFO - Buy phase completed
2025-08-18 15:33:57,443 - INFO - Phase reset - ready for next buy phase
2025-08-18 15:33:58,445 - INFO - Buy phase started - monitoring for events...
2025-08-18 15:34:08,540 - INFO - Buy phase completed
2025-08-18 15:34:08,542 - INFO - Phase reset - ready for next buy phase
2025-08-18 15:34:09,547 - INFO - Buy phase started - monitoring for events...
2025-08-18 15:34:19,627 - INFO - Buy phase completed
2025-08-18 15:34:19,628 - INFO - Phase reset - ready for next buy phase
2025-08-18 15:34:20,633 - INFO - Buy phase started - monitoring for events...
2025-08-18 15:34:30,699 - INFO - Buy phase completed
2025-08-18 15:34:30,701 - INFO - Phase reset - ready for next buy phase
2025-08-18 15:34:31,707 - INFO - Buy phase started - monitoring for events...
2025-08-18 15:34:41,792 - INFO - Buy phase completed
2025-08-18 15:34:41,793 - INFO - Phase reset - ready for next buy phase
2025-08-18 15:34:42,797 - INFO - Buy phase started - monitoring for events...
2025-08-18 15:34:52,885 - INFO - Buy phase completed
2025-08-18 15:34:52,887 - INFO - Phase reset - ready for next buy phase
2025-08-18 15:34:53,891 - INFO - Buy phase started - monitoring for events...
2025-08-18 15:35:03,962 - INFO - Buy phase completed
2025-08-18 15:35:03,964 - INFO - Phase reset - ready for next buy phase
2025-08-18 15:35:04,969 - INFO - Buy phase started - monitoring for events...
2025-08-18 15:35:15,056 - INFO - Buy phase completed
2025-08-18 15:35:15,057 - INFO - Phase reset - ready for next buy phase
2025-08-18 15:35:16,061 - INFO - Buy phase started - monitoring for events...
2025-08-18 15:35:26,130 - INFO - Buy phase completed
2025-08-18 15:35:26,132 - INFO - Phase reset - ready for next buy phase
2025-08-18 15:35:27,137 - INFO - Buy phase started - monitoring for events...
2025-08-18 15:35:37,204 - INFO - Buy phase completed
2025-08-18 15:35:37,207 - INFO - Phase reset - ready for next buy phase
2025-08-18 15:35:38,209 - INFO - Buy phase started - monitoring for events...
2025-08-18 15:35:48,304 - INFO - Buy phase completed
2025-08-18 15:35:48,305 - INFO - Phase reset - ready for next buy phase
2025-08-18 15:35:49,311 - INFO - Buy phase started - monitoring for events...
2025-08-18 15:35:59,412 - INFO - Buy phase completed
2025-08-18 15:35:59,414 - INFO - Phase reset - ready for next buy phase
2025-08-18 15:36:00,419 - INFO - Buy phase started - monitoring for events...
2025-08-18 15:36:10,492 - INFO - Buy phase completed
2025-08-18 15:36:10,495 - INFO - Phase reset - ready for next buy phase
2025-08-18 15:36:11,501 - INFO - Buy phase started - monitoring for events...
2025-08-18 15:36:21,579 - INFO - Buy phase completed
2025-08-18 15:36:21,579 - INFO - Phase reset - ready for next buy phase
2025-08-18 15:36:22,585 - INFO - Buy phase started - monitoring for events...
2025-08-18 15:36:32,665 - INFO - Buy phase completed
2025-08-18 15:36:32,666 - INFO - Phase reset - ready for next buy phase
2025-08-18 15:36:33,671 - INFO - Buy phase started - monitoring for events...
2025-08-18 15:36:43,756 - INFO - Buy phase completed
2025-08-18 15:36:43,758 - INFO - Phase reset - ready for next buy phase
2025-08-18 15:36:44,763 - INFO - Buy phase started - monitoring for events...
2025-08-18 15:36:54,846 - INFO - Buy phase completed
2025-08-18 15:36:54,847 - INFO - Phase reset - ready for next buy phase
2025-08-18 15:36:55,852 - INFO - Buy phase started - monitoring for events...
2025-08-18 15:37:05,942 - INFO - Buy phase completed
2025-08-18 15:37:05,944 - INFO - Phase reset - ready for next buy phase
2025-08-18 15:37:06,946 - INFO - Buy phase started - monitoring for events...
2025-08-18 15:37:17,024 - INFO - Buy phase completed
2025-08-18 15:37:17,025 - INFO - Phase reset - ready for next buy phase
2025-08-18 15:37:18,031 - INFO - Buy phase started - monitoring for events...
2025-08-18 15:37:28,126 - INFO - Buy phase completed
2025-08-18 15:37:28,126 - INFO - Phase reset - ready for next buy phase
2025-08-18 15:37:29,132 - INFO - Buy phase started - monitoring for events...
2025-08-18 15:37:39,224 - INFO - Buy phase completed
2025-08-18 15:37:39,225 - INFO - Phase reset - ready for next buy phase
2025-08-18 15:37:40,230 - INFO - Buy phase started - monitoring for events...
2025-08-18 15:37:50,311 - INFO - Buy phase completed
2025-08-18 15:37:50,312 - INFO - Phase reset - ready for next buy phase
2025-08-18 15:37:51,317 - INFO - Buy phase started - monitoring for events...
2025-08-18 15:38:01,392 - INFO - Buy phase completed
2025-08-18 15:38:01,394 - INFO - Phase reset - ready for next buy phase
2025-08-18 15:38:02,396 - INFO - Buy phase started - monitoring for events...
2025-08-18 15:38:12,470 - INFO - Buy phase completed
2025-08-18 15:38:12,471 - INFO - Phase reset - ready for next buy phase
2025-08-18 15:38:13,474 - INFO - Buy phase started - monitoring for events...
2025-08-18 15:38:23,550 - INFO - Buy phase completed
2025-08-18 15:38:23,553 - INFO - Phase reset - ready for next buy phase
2025-08-18 15:38:24,558 - INFO - Buy phase started - monitoring for events...
2025-08-18 15:38:34,619 - INFO - Buy phase completed
2025-08-18 15:38:34,619 - INFO - Phase reset - ready for next buy phase
2025-08-18 15:38:35,625 - INFO - Buy phase started - monitoring for events...
2025-08-18 15:38:45,696 - INFO - Buy phase completed
2025-08-18 15:38:45,696 - INFO - Phase reset - ready for next buy phase
2025-08-18 15:38:46,700 - INFO - Buy phase started - monitoring for events...
2025-08-18 15:38:56,774 - INFO - Buy phase completed
2025-08-18 15:38:56,776 - INFO - Phase reset - ready for next buy phase
2025-08-18 15:38:57,781 - INFO - Buy phase started - monitoring for events...
2025-08-18 15:39:07,867 - INFO - Buy phase completed
2025-08-18 15:39:07,868 - INFO - Phase reset - ready for next buy phase
2025-08-18 15:39:08,877 - INFO - Buy phase started - monitoring for events...
2025-08-18 15:39:25,762 - INFO - Buy phase completed
2025-08-18 15:39:25,784 - INFO - Phase reset - ready for next buy phase
2025-08-18 15:39:26,795 - INFO - Buy phase started - monitoring for events...
2025-08-18 15:44:29,668 - INFO - Buy phase completed
2025-08-18 15:44:29,669 - INFO - Phase reset - ready for next buy phase
2025-08-18 15:44:30,675 - INFO - Buy phase started - monitoring for events...
2025-08-18 15:44:40,755 - INFO - Buy phase completed
2025-08-18 15:44:40,757 - INFO - Phase reset - ready for next buy phase
2025-08-18 15:44:41,762 - INFO - Buy phase started - monitoring for events...
2025-08-18 15:44:51,856 - INFO - Buy phase completed
2025-08-18 15:44:51,857 - INFO - Phase reset - ready for next buy phase
2025-08-18 15:44:52,862 - INFO - Buy phase started - monitoring for events...
2025-08-18 15:45:02,941 - INFO - Buy phase completed
2025-08-18 15:45:02,942 - INFO - Phase reset - ready for next buy phase
2025-08-18 15:45:03,944 - INFO - Buy phase started - monitoring for events...
2025-08-18 15:45:14,040 - INFO - Buy phase completed
2025-08-18 15:45:14,041 - INFO - Phase reset - ready for next buy phase
2025-08-18 15:45:15,044 - INFO - Buy phase started - monitoring for events...
2025-08-18 15:45:25,120 - INFO - Buy phase completed
2025-08-18 15:45:25,121 - INFO - Phase reset - ready for next buy phase
2025-08-18 15:45:26,124 - INFO - Buy phase started - monitoring for events...
2025-08-18 15:45:36,295 - INFO - Buy phase completed
2025-08-18 15:45:36,297 - INFO - Phase reset - ready for next buy phase
2025-08-18 15:45:37,298 - INFO - Buy phase started - monitoring for events...
2025-08-18 15:45:47,385 - INFO - Buy phase completed
2025-08-18 15:45:47,387 - INFO - Phase reset - ready for next buy phase
2025-08-18 15:45:48,392 - INFO - Buy phase started - monitoring for events...
2025-08-18 15:45:58,477 - INFO - Buy phase completed
2025-08-18 15:45:58,478 - INFO - Phase reset - ready for next buy phase
2025-08-18 15:45:59,486 - INFO - Buy phase started - monitoring for events...
2025-08-18 15:46:09,569 - INFO - Buy phase completed
2025-08-18 15:46:09,570 - INFO - Phase reset - ready for next buy phase
2025-08-18 15:46:10,576 - INFO - Buy phase started - monitoring for events...
2025-08-18 15:46:20,647 - INFO - Buy phase completed
2025-08-18 15:46:20,647 - INFO - Phase reset - ready for next buy phase
2025-08-18 15:46:21,648 - INFO - Buy phase started - monitoring for events...
2025-08-18 15:46:31,726 - INFO - Buy phase completed
2025-08-18 15:46:31,728 - INFO - Phase reset - ready for next buy phase
2025-08-18 15:46:32,730 - INFO - Buy phase started - monitoring for events...
2025-08-18 15:51:37,341 - INFO - Buy phase completed
2025-08-18 15:51:37,341 - INFO - Phase reset - ready for next buy phase
2025-08-18 15:51:38,351 - INFO - Buy phase started - monitoring for events...
2025-08-18 15:51:48,484 - INFO - Buy phase completed
2025-08-18 15:51:48,485 - INFO - Phase reset - ready for next buy phase
2025-08-18 15:51:49,488 - INFO - Buy phase started - monitoring for events...
2025-08-18 15:51:59,650 - INFO - Buy phase completed
2025-08-18 15:51:59,651 - INFO - Phase reset - ready for next buy phase
2025-08-18 15:52:00,655 - INFO - Buy phase started - monitoring for events...
2025-08-18 15:52:10,809 - INFO - Buy phase completed
2025-08-18 15:52:10,809 - INFO - Phase reset - ready for next buy phase
2025-08-18 15:52:11,820 - INFO - Buy phase started - monitoring for events...
2025-08-18 15:52:21,971 - INFO - Buy phase completed
2025-08-18 15:52:21,972 - INFO - Phase reset - ready for next buy phase
2025-08-18 15:52:22,982 - INFO - Buy phase started - monitoring for events...
2025-08-18 15:52:33,119 - INFO - Buy phase completed
2025-08-18 15:52:33,120 - INFO - Phase reset - ready for next buy phase
2025-08-18 15:52:34,122 - INFO - Buy phase started - monitoring for events...
2025-08-18 15:52:44,268 - INFO - Buy phase completed
2025-08-18 15:52:44,268 - INFO - Phase reset - ready for next buy phase
2025-08-18 15:52:45,279 - INFO - Buy phase started - monitoring for events...
2025-08-18 16:00:00,430 - INFO - Buy phase completed
2025-08-18 16:00:00,430 - INFO - Phase reset - ready for next buy phase
2025-08-18 16:00:01,435 - INFO - Buy phase started - monitoring for events...
2025-08-18 16:15:52,277 - INFO - Buy phase completed
2025-08-18 16:15:52,278 - INFO - Phase reset - ready for next buy phase
2025-08-18 16:15:53,282 - INFO - Buy phase started - monitoring for events...
2025-08-18 16:16:03,716 - INFO - Buy phase completed
2025-08-18 16:16:03,717 - INFO - Phase reset - ready for next buy phase
2025-08-18 16:16:04,727 - INFO - Buy phase started - monitoring for events...
2025-08-18 16:16:14,832 - INFO - Buy phase completed
2025-08-18 16:16:14,833 - INFO - Phase reset - ready for next buy phase
2025-08-18 16:16:15,837 - INFO - Buy phase started - monitoring for events...
2025-08-18 16:31:35,105 - INFO - Buy phase completed
2025-08-18 16:31:35,105 - INFO - Phase reset - ready for next buy phase
2025-08-18 16:31:36,110 - INFO - Buy phase started - monitoring for events...
2025-08-18 16:47:57,505 - INFO - Buy phase completed
2025-08-18 16:47:57,505 - INFO - Phase reset - ready for next buy phase
2025-08-18 16:47:58,515 - INFO - Buy phase started - monitoring for events...
2025-08-18 16:48:08,637 - INFO - Buy phase completed
2025-08-18 16:48:08,639 - INFO - Phase reset - ready for next buy phase
2025-08-18 16:48:09,647 - INFO - Buy phase started - monitoring for events...
2025-08-18 16:48:19,753 - INFO - Buy phase completed
2025-08-18 16:48:19,754 - INFO - Phase reset - ready for next buy phase
2025-08-18 16:48:20,764 - INFO - Buy phase started - monitoring for events...
2025-08-18 16:53:25,131 - INFO - Buy phase completed
2025-08-18 16:53:25,132 - INFO - Phase reset - ready for next buy phase
2025-08-18 16:53:26,133 - INFO - Buy phase started - monitoring for events...
2025-08-18 16:53:36,232 - INFO - Buy phase completed
2025-08-18 16:53:36,234 - INFO - Phase reset - ready for next buy phase
2025-08-18 16:53:37,239 - INFO - Buy phase started - monitoring for events...
2025-08-18 16:53:47,409 - INFO - Buy phase completed
2025-08-18 16:53:47,410 - INFO - Phase reset - ready for next buy phase
2025-08-18 16:53:48,419 - INFO - Buy phase started - monitoring for events...
2025-08-18 16:53:58,532 - INFO - Buy phase completed
2025-08-18 16:53:58,532 - INFO - Phase reset - ready for next buy phase
2025-08-18 16:53:59,535 - INFO - Buy phase started - monitoring for events...
2025-08-18 17:09:15,387 - INFO - Buy phase completed
2025-08-18 17:09:15,388 - INFO - Phase reset - ready for next buy phase
2025-08-18 17:09:16,515 - INFO - Buy phase started - monitoring for events...
2025-08-18 17:09:26,623 - INFO - Buy phase completed
2025-08-18 17:09:26,624 - INFO - Phase reset - ready for next buy phase
2025-08-18 17:09:27,625 - INFO - Buy phase started - monitoring for events...
2025-08-18 17:09:37,776 - INFO - Buy phase completed
2025-08-18 17:09:37,777 - INFO - Phase reset - ready for next buy phase
2025-08-18 17:19:43,946 - INFO - Buy phase started - monitoring for events...
2025-08-18 17:19:54,086 - INFO - Buy phase completed
2025-08-18 17:19:54,087 - INFO - Phase reset - ready for next buy phase
2025-08-18 17:19:55,090 - INFO - Buy phase started - monitoring for events...
2025-08-18 17:20:05,237 - INFO - Buy phase completed
2025-08-18 17:20:05,238 - INFO - Phase reset - ready for next buy phase
2025-08-18 17:20:06,243 - INFO - Buy phase started - monitoring for events...
2025-08-18 17:30:32,817 - INFO - Buy phase completed
2025-08-18 17:30:32,818 - INFO - Phase reset - ready for next buy phase
2025-08-18 17:30:33,822 - INFO - Buy phase started - monitoring for events...
2025-08-18 17:30:43,892 - INFO - Buy phase completed
2025-08-18 17:30:43,893 - INFO - Phase reset - ready for next buy phase
2025-08-18 17:30:44,897 - INFO - Buy phase started - monitoring for events...
2025-08-18 17:30:48,687 - INFO - System stopped by user
2025-09-06 10:42:53,115 - INFO - Starting DualCast Buy Phase Commentary System...
2025-09-06 10:42:53,116 - INFO - Buy phase started - monitoring for events...
2025-09-06 10:42:53,117 - INFO - Found 5 new events
2025-09-06 10:42:53,117 - INFO - Commentary: [Hype] TenZ making moves! That Vandal request could change everything!
2025-09-06 10:42:55,626 - INFO - HTTP Request: POST https://api.elevenlabs.io/v1/text-to-speech/Xb7hH8MSUJpSbSDYk0k2 "HTTP/1.1 200 OK"
2025-09-06 10:43:03,190 - INFO - Buy phase completed
2025-09-06 10:43:03,192 - INFO - Phase reset - ready for next buy phase
2025-09-06 10:43:04,198 - INFO - Buy phase started - monitoring for events...
2025-09-06 10:43:14,264 - INFO - Buy phase completed
2025-09-06 10:43:14,265 - INFO - Phase reset - ready for next buy phase
2025-09-06 10:43:15,270 - INFO - Buy phase started - monitoring for events...
2025-09-06 10:43:25,328 - INFO - Buy phase completed
2025-09-06 10:43:25,328 - INFO - Phase reset - ready for next buy phase
2025-09-06 10:43:26,331 - INFO - Buy phase started - monitoring for events...
2025-09-06 10:43:36,402 - INFO - Buy phase completed
2025-09-06 10:43:36,403 - INFO - Phase reset - ready for next buy phase
2025-09-06 10:43:37,403 - INFO - Buy phase started - monitoring for events...
2025-09-06 10:44:32,068 - INFO - Starting DualCast Buy Phase Commentary System...
2025-09-06 10:44:32,070 - INFO - Buy phase started - monitoring for events...
2025-09-06 10:44:32,070 - INFO - Found 5 new events
2025-09-06 10:44:32,070 - INFO - Commentary: [Hype] Yo, TenZ asking for a Vandal drop! Someone give this man a gun!
2025-09-06 10:44:33,680 - INFO - HTTP Request: POST https://api.elevenlabs.io/v1/text-to-speech/Xb7hH8MSUJpSbSDYk0k2 "HTTP/1.1 200 OK"
2025-09-06 10:44:42,243 - INFO - Buy phase completed
2025-09-06 10:44:42,245 - INFO - Phase reset - ready for next buy phase
2025-09-06 10:44:43,248 - INFO - Buy phase started - monitoring for events...
2025-09-06 10:44:53,318 - INFO - Buy phase completed
2025-09-06 10:44:53,320 - INFO - Phase reset - ready for next buy phase
2025-09-06 10:44:54,324 - INFO - Buy phase started - monitoring for events...
2025-09-06 10:45:03,699 - INFO - System stopped by user
2025-09-06 11:29:43,865 - INFO - Starting DualCast Buy Phase Commentary System...
2025-09-06 11:29:43,866 - INFO - Buy phase started - monitoring for events...
2025-09-06 11:29:43,866 - INFO - Found 5 new events
2025-09-06 11:29:43,866 - INFO - Commentary: [Hype] TenZ is going full send with a Vandal request — this could be huge!
2025-09-06 11:29:45,606 - INFO - HTTP Request: POST https://api.elevenlabs.io/v1/text-to-speech/Xb7hH8MSUJpSbSDYk0k2 "HTTP/1.1 200 OK"
2025-09-06 11:29:54,209 - INFO - Buy phase completed
2025-09-06 11:29:54,212 - INFO - Phase reset - ready for next buy phase
2025-09-06 11:29:55,218 - INFO - Buy phase started - monitoring for events...
2025-09-06 11:30:05,289 - INFO - Buy phase completed
2025-09-06 11:30:05,291 - INFO - Phase reset - ready for next buy phase
2025-09-06 11:30:06,293 - INFO - Buy phase started - monitoring for events...
2025-09-06 11:30:16,368 - INFO - Buy phase completed
2025-09-06 11:30:16,369 - INFO - Phase reset - ready for next buy phase
2025-09-06 11:30:17,370 - INFO - Buy phase started - monitoring for events...
2025-09-06 11:30:25,479 - INFO - System stopped by user
2025-09-06 11:34:09,271 - INFO - Starting DualCast Buy Phase Commentary System...
2025-09-06 11:34:09,273 - INFO - Buy phase started - monitoring for events...
2025-09-06 11:34:09,273 - INFO - Found 5 new events
2025-09-06 11:34:09,274 - INFO - Commentary: [Hype] TenZ is going full send with a Vandal request — this could be huge!
2025-09-06 11:34:11,073 - INFO - HTTP Request: POST https://api.elevenlabs.io/v1/text-to-speech/Xb7hH8MSUJpSbSDYk0k2 "HTTP/1.1 200 OK"
2025-09-06 11:34:19,384 - INFO - Buy phase completed
2025-09-06 11:34:19,386 - INFO - Phase reset - ready for next buy phase
2025-09-06 11:34:20,390 - INFO - Buy phase started - monitoring for events...
2025-09-06 11:34:20,957 - INFO - System stopped by user
